This is pdfTeXk, Version 3.141592-1.40.3 (Web2C 7.5.6) (format=latex 2010.1.27)  25 MAR 2010 11:02
entering extended mode
 %&-line parsing enabled.
**&latex prv_mlogitman.rnw.ini \nonstopmode\nofiles\PassOptionsToPackage{active
,tightpage,auctex}{preview}\AtBeginDocument{\ifx\ifPreview\undefined\RequirePac
kage[displaymath,floats,graphics,textmath,sections,footnotes]{preview}[2004/11/
05]\fi} \input mlogitman.rnw.tex
(./prv_mlogitman.rnw.ini
LaTeX2e <2005/12/01>
Babel <v3.8h> and hyphenation patterns for english, usenglishmax, dumylang, noh
yphenation, loaded.
(/usr/share/texmf-texlive/tex/latex/carlisle/mylatex.ltx)
(/usr/share/texmf-texlive/tex/latex/tools/.tex File ignored))
No auxiliary output files.

! I can't find file `mlogitman.rnw.tex'.
<*> ...w}[2004/11/05]\fi} \input mlogitman.rnw.tex
                                                  
Please type another input file name
! Emergency stop.
<*> ...w}[2004/11/05]\fi} \input mlogitman.rnw.tex
                                                  
*** (job aborted, file error in nonstop mode)

 
Here is how much of TeX's memory you used:
 26 strings out of 95087
 632 string characters out of 1183278
 45034 words of memory out of 1500000
 3290 multiletter control sequences out of 10000+50000
 3640 words of font info for 14 fonts, out of 1200000 for 2000
 28 hyphenation exceptions out of 8191
 5i,0n,5p,507b,12s stack positions out of 5000i,500n,6000p,200000b,5000s
No pages of output.
